<?xml version="1.0" encoding="UTF-8"?>
<testsuite name="Automatizacion de Api Rest" tests="1" skipped="0" failures="0" errors="0" timestamp="2023-06-21T21:45:56" hostname="JUANITO" time="8.976">
  <properties/>
  <testcase name="Eliminar usuario con metodo delete" classname="Automatizacion de Api Rest" time="8.976"/>
  <system-out><![CDATA[HTTP/1.1 200 OK
Date: Wed, 21 Jun 2023 21:46:02 GMT
Content-Type: application/json; charset=utf-8
Transfer-Encoding: chunked
Connection: keep-alive
Cache-Control: max-age=0, private, must-revalidate
etag: W/"9132bec7c413b5b015be1efe1c6efe72"
referrer-policy: strict-origin-when-cross-origin
vary: Origin
x-content-type-options: nosniff
x-download-options: noopen
x-frame-options: SAMEORIGIN
x-permitted-cross-domain-policies: none
x-ratelimit-limit: 90
x-ratelimit-remaining: 89
x-ratelimit-reset: 1
x-request-id: 06469650-a581-4521-90f9-16204d4edc3d
x-runtime: 0.162806
x-xss-protection: 0
CF-Cache-Status: DYNAMIC
Report-To: {"endpoints":[{"url":"https:\/\/a.nel.cloudflare.com\/report\/v3?s=sp8h0hGpTJkn8UMSSt02c7wynup6luFh6bUV8Wk6cKVLl2ONYAlTWrrD9BmauLyxjrhA5TI7U6Liw%2FkKBnyr1RkUdkHLl8P1FyUEU5EyyZKZLKblTvPraXzsY83YyV0%3D"}],"group":"cf-nel","max_age":604800}
NEL: {"success_fraction":0,"report_to":"cf-nel","max_age":604800}
Server: cloudflare
CF-RAY: 7daf7120ebf431f6-MIA
Content-Encoding: gzip
alt-svc: h3=":443"; ma=86400

{
    "code": 204,
    "meta": null,
    "data": null
}
]]></system-out>
  <system-err><![CDATA[[Test worker] INFO io.cucumber.core.plugin.SerenityReporter - Running feature from file:///C:/Users/juani/OneDrive/Documentos/Intellij%20Sophos/ScreenplayRestApi/src/test/resources/com.sophossolutions.features/delete_gorest.feature
[Test worker] WARN io.cucumber.core.plugin.SerenityReporter - Feature from file:///C:/Users/juani/OneDrive/Documentos/Intellij%20Sophos/ScreenplayRestApi/src/test/resources/com.sophossolutions.features/delete_gorest.feature is not under the 'features' directory. Requirements report will not be correctly generated!
[Test worker] INFO  - 
  _____   ___   ___   _____     ___   _____     _     ___   _____   ___   ___  
 |_   _| | __| / __| |_   _|   / __| |_   _|   /_\   | _ \ |_   _| | __| |   \ 
   | |   | _|  \__ \   | |     \__ \   | |    / _ \  |   /   | |   | _|  | |) |
   |_|   |___| |___/   |_|     |___/   |_|   /_/ \_\ |_|_\   |_|   |___| |___/ 

Eliminar usuario con metodo delete(automatizacion-de-api-rest;eliminar-usuario-con-metodo-delete)
--------------------------------------------------------------------------------
[Test worker] INFO  - ?[92m
  _____   ___   ___   _____     ___     _     ___   ___   ___   ___  
 |_   _| | __| / __| |_   _|   | _ \   /_\   / __| / __| | __| |   \ 
   | |   | _|  \__ \   | |     |  _/  / _ \  \__ \ \__ \ | _|  | |) |
   |_|   |___| |___/   |_|     |_|   /_/ \_\ |___/ |___/ |___| |___/ 

Eliminar usuario con metodo delete
----------------------------------------------------------------------?[0m
]]></system-err>
</testsuite>
